<!DOCTYPE html PUBLIC "-//W3C//DTD XHTML 1.1//EN" "http://www.w3.org/TR/xhtml11/DTD/xhtml11.dtd">
<html xmlns="http://www.w3.org/1999/xhtml"><head><title>TestNG Report</title><style type="text/css">table {margin-bottom:10px;border-collapse:collapse;empty-cells:show}th,td {border:1px solid #009;padding:.25em .5em}th {vertical-align:bottom}td {vertical-align:top}table a {font-weight:bold}.stripe td {background-color: #E6EBF9}.num {text-align:right}.passedodd td {background-color: #3F3}.passedeven td {background-color: #0A0}.skippedodd td {background-color: #DDD}.skippedeven td {background-color: #CCC}.failedodd td,.attn {background-color: #F33}.failedeven td,.stripe .attn {background-color: #D00}.stacktrace {white-space:pre;font-family:monospace}.totop {font-size:85%;text-align:center;border-bottom:2px solid #000}</style></head><body><table><tr><th>Test</th><th># Passed</th><th># Skipped</th><th># Failed</th><th>Time (ms)</th><th>Included Groups</th><th>Excluded Groups</th></tr><tr><th colspan="7">Surefire suite</th></tr><tr><td><a href="#t0">Surefire test</a></td><td class="num">61</td><td class="num">0</td><td class="num attn">18</td><td class="num">15 122</td><td></td><td></td></tr></table><table><thead><tr><th>Class</th><th>Method</th><th>Start</th><th>Time (ms)</th></tr></thead><tbody><tr><th colspan="4">Surefire suite</th></tr></tbody><tbody id="t0"><tr><th colspan="4">Surefire test &#8212; failed</th></tr><tr class="failedeven"><td rowspan="18">com.skywind.qa.test.SpinTest</td><td><a href="#m0">testSpin</a></td><td rowspan="18">1511194524808</td><td rowspan="18">140</td></tr><tr class="failedeven"><td><a href="#m1">testSpin</a></td></tr><tr class="failedeven"><td><a href="#m2">testSpin</a></td></tr><tr class="failedeven"><td><a href="#m3">testSpin</a></td></tr><tr class="failedeven"><td><a href="#m4">testSpin</a></td></tr><tr class="failedeven"><td><a href="#m5">testSpin</a></td></tr><tr class="failedeven"><td><a href="#m6">testSpin</a></td></tr><tr class="failedeven"><td><a href="#m7">testSpin</a></td></tr><tr class="failedeven"><td><a href="#m8">testSpin</a></td></tr><tr class="failedeven"><td><a href="#m9">testSpin</a></td></tr><tr class="failedeven"><td><a href="#m10">testSpin</a></td></tr><tr class="failedeven"><td><a href="#m11">testSpin</a></td></tr><tr class="failedeven"><td><a href="#m12">testSpin</a></td></tr><tr class="failedeven"><td><a href="#m13">testSpin</a></td></tr><tr class="failedeven"><td><a href="#m14">testSpin</a></td></tr><tr class="failedeven"><td><a href="#m15">testSpin</a></td></tr><tr class="failedeven"><td><a href="#m16">testSpin</a></td></tr><tr class="failedeven"><td><a href="#m17">testSpin</a></td></tr><tr><th colspan="4">Surefire test &#8212; passed</th></tr><tr class="passedeven"><td rowspan="61">com.skywind.qa.test.SpinTest</td><td><a href="#m18">testSpin</a></td><td rowspan="61">1511194528900</td><td rowspan="61">187</td></tr><tr class="passedeven"><td><a href="#m19">testSpin</a></td></tr><tr class="passedeven"><td><a href="#m20">testSpin</a></td></tr><tr class="passedeven"><td><a href="#m21">testSpin</a></td></tr><tr class="passedeven"><td><a href="#m22">testSpin</a></td></tr><tr class="passedeven"><td><a href="#m23">testSpin</a></td></tr><tr class="passedeven"><td><a href="#m24">testSpin</a></td></tr><tr class="passedeven"><td><a href="#m25">testSpin</a></td></tr><tr class="passedeven"><td><a href="#m26">testSpin</a></td></tr><tr class="passedeven"><td><a href="#m27">testSpin</a></td></tr><tr class="passedeven"><td><a href="#m28">testSpin</a></td></tr><tr class="passedeven"><td><a href="#m29">testSpin</a></td></tr><tr class="passedeven"><td><a href="#m30">testSpin</a></td></tr><tr class="passedeven"><td><a href="#m31">testSpin</a></td></tr><tr class="passedeven"><td><a href="#m32">testSpin</a></td></tr><tr class="passedeven"><td><a href="#m33">testSpin</a></td></tr><tr class="passedeven"><td><a href="#m34">testSpin</a></td></tr><tr class="passedeven"><td><a href="#m35">testSpin</a></td></tr><tr class="passedeven"><td><a href="#m36">testSpin</a></td></tr><tr class="passedeven"><td><a href="#m37">testSpin</a></td></tr><tr class="passedeven"><td><a href="#m38">testSpin</a></td></tr><tr class="passedeven"><td><a href="#m39">testSpin</a></td></tr><tr class="passedeven"><td><a href="#m40">testSpin</a></td></tr><tr class="passedeven"><td><a href="#m41">testSpin</a></td></tr><tr class="passedeven"><td><a href="#m42">testSpin</a></td></tr><tr class="passedeven"><td><a href="#m43">testSpin</a></td></tr><tr class="passedeven"><td><a href="#m44">testSpin</a></td></tr><tr class="passedeven"><td><a href="#m45">testSpin</a></td></tr><tr class="passedeven"><td><a href="#m46">testSpin</a></td></tr><tr class="passedeven"><td><a href="#m47">testSpin</a></td></tr><tr class="passedeven"><td><a href="#m48">testSpin</a></td></tr><tr class="passedeven"><td><a href="#m49">testSpin</a></td></tr><tr class="passedeven"><td><a href="#m50">testSpin</a></td></tr><tr class="passedeven"><td><a href="#m51">testSpin</a></td></tr><tr class="passedeven"><td><a href="#m52">testSpin</a></td></tr><tr class="passedeven"><td><a href="#m53">testSpin</a></td></tr><tr class="passedeven"><td><a href="#m54">testSpin</a></td></tr><tr class="passedeven"><td><a href="#m55">testSpin</a></td></tr><tr class="passedeven"><td><a href="#m56">testSpin</a></td></tr><tr class="passedeven"><td><a href="#m57">testSpin</a></td></tr><tr class="passedeven"><td><a href="#m58">testSpin</a></td></tr><tr class="passedeven"><td><a href="#m59">testSpin</a></td></tr><tr class="passedeven"><td><a href="#m60">testSpin</a></td></tr><tr class="passedeven"><td><a href="#m61">testSpin</a></td></tr><tr class="passedeven"><td><a href="#m62">testSpin</a></td></tr><tr class="passedeven"><td><a href="#m63">testSpin</a></td></tr><tr class="passedeven"><td><a href="#m64">testSpin</a></td></tr><tr class="passedeven"><td><a href="#m65">testSpin</a></td></tr><tr class="passedeven"><td><a href="#m66">testSpin</a></td></tr><tr class="passedeven"><td><a href="#m67">testSpin</a></td></tr><tr class="passedeven"><td><a href="#m68">testSpin</a></td></tr><tr class="passedeven"><td><a href="#m69">testSpin</a></td></tr><tr class="passedeven"><td><a href="#m70">testSpin</a></td></tr><tr class="passedeven"><td><a href="#m71">testSpin</a></td></tr><tr class="passedeven"><td><a href="#m72">testSpin</a></td></tr><tr class="passedeven"><td><a href="#m73">testSpin</a></td></tr><tr class="passedeven"><td><a href="#m74">testSpin</a></td></tr><tr class="passedeven"><td><a href="#m75">testSpin</a></td></tr><tr class="passedeven"><td><a href="#m76">testSpin</a></td></tr><tr class="passedeven"><td><a href="#m77">testSpin</a></td></tr><tr class="passedeven"><td><a href="#m78">testSpin</a></td></tr></tbody></table><h2>Surefire test</h2><h3 id="m0">com.skywind.qa.test.SpinTest#testSpin</h3><table class="result"><tr class="param"><th>Parameter #1</th></tr><tr class="param stripe"><td>Spin{description=&apos;Theme3x5&apos;, combinations=&apos;15,28,21,29,18&apos;, totalWin=200}</td></tr><tr><th>Exception</th></tr><tr><td><div class="stacktrace">java.lang.AssertionError: 1 expectation failed.
JSON path result.totalWin doesn&apos;t match.
Expected: &lt;200&gt;
  Actual: 60

	at org.codehaus.groovy.runtime.callsite.ConstructorSite$ConstructorSiteNoUnwrap.callConstructor(ConstructorSite.java:84)
	at org.codehaus.groovy.runtime.callsite.AbstractCallSite.callConstructor(AbstractCallSite.java:247)
	at io.restassured.internal.ResponseSpecificationImpl$HamcrestAssertionClosure.validate(ResponseSpecificationImpl.groovy:471)
	at io.restassured.internal.ResponseSpecificationImpl$HamcrestAssertionClosure$validate$1.call(Unknown Source)
	at io.restassured.internal.ResponseSpecificationImpl.validateResponseIfRequired(ResponseSpecificationImpl.groovy:643)
	at org.codehaus.groovy.runtime.callsite.PogoMetaMethodSite$PogoCachedMethodSiteNoUnwrapNoCoerce.invoke(PogoMetaMethodSite.java:210)
	at org.codehaus.groovy.runtime.callsite.PogoMetaMethodSite.callCurrent(PogoMetaMethodSite.java:59)
	at org.codehaus.groovy.runtime.callsite.AbstractCallSite.callCurrent(AbstractCallSite.java:166)
	at io.restassured.internal.ResponseSpecificationImpl.content(ResponseSpecificationImpl.groovy:265)
	at io.restassured.specification.ResponseSpecification$content$1.callCurrent(Unknown Source)
	at io.restassured.internal.ResponseSpecificationImpl.body(ResponseSpecificationImpl.groovy:248)
	at io.restassured.internal.ValidatableResponseOptionsImpl.body(ValidatableResponseOptionsImpl.java:268)
	at com.skywind.qa.test.SpinTest.testSpin(SpinTest.java:82)
... Removed 37 stack frames</div></td></tr></table><p class="totop"><a href="#summary">back to summary</a></p><h3 id="m1">com.skywind.qa.test.SpinTest#testSpin</h3><table class="result"><tr class="param"><th>Parameter #1</th></tr><tr class="param stripe"><td>Spin{description=&apos;SecondTheme1x5&apos;, combinations=&apos;3,23,5,6,19&apos;, totalWin=0}</td></tr><tr><th>Exception</th></tr><tr><td><div class="stacktrace">java.lang.AssertionError: 1 expectation failed.
JSON path result.totalWin doesn&apos;t match.
Expected: &lt;0&gt;
  Actual: 100

	at org.codehaus.groovy.runtime.callsite.ConstructorSite$ConstructorSiteNoUnwrap.callConstructor(ConstructorSite.java:84)
	at org.codehaus.groovy.runtime.callsite.AbstractCallSite.callConstructor(AbstractCallSite.java:247)
	at io.restassured.internal.ResponseSpecificationImpl$HamcrestAssertionClosure.validate(ResponseSpecificationImpl.groovy:471)
	at io.restassured.internal.ResponseSpecificationImpl$HamcrestAssertionClosure$validate$1.call(Unknown Source)
	at io.restassured.internal.ResponseSpecificationImpl.validateResponseIfRequired(ResponseSpecificationImpl.groovy:643)
	at org.codehaus.groovy.runtime.callsite.PogoMetaMethodSite$PogoCachedMethodSiteNoUnwrapNoCoerce.invoke(PogoMetaMethodSite.java:210)
	at org.codehaus.groovy.runtime.callsite.PogoMetaMethodSite.callCurrent(PogoMetaMethodSite.java:59)
	at org.codehaus.groovy.runtime.callsite.AbstractCallSite.callCurrent(AbstractCallSite.java:166)
	at io.restassured.internal.ResponseSpecificationImpl.content(ResponseSpecificationImpl.groovy:265)
	at io.restassured.specification.ResponseSpecification$content$1.callCurrent(Unknown Source)
	at io.restassured.internal.ResponseSpecificationImpl.body(ResponseSpecificationImpl.groovy:248)
	at io.restassured.internal.ValidatableResponseOptionsImpl.body(ValidatableResponseOptionsImpl.java:268)
	at com.skywind.qa.test.SpinTest.testSpin(SpinTest.java:82)
... Removed 38 stack frames</div></td></tr></table><p class="totop"><a href="#summary">back to summary</a></p><h3 id="m2">com.skywind.qa.test.SpinTest#testSpin</h3><table class="result"><tr class="param"><th>Parameter #1</th></tr><tr class="param stripe"><td>Spin{description=&apos;SecondTheme4x5&apos;, combinations=&apos;27,27,29,4,27&apos;, totalWin=0}</td></tr><tr><th>Exception</th></tr><tr><td><div class="stacktrace">java.lang.AssertionError: 1 expectation failed.
JSON path result.totalWin doesn&apos;t match.
Expected: &lt;0&gt;
  Actual: 48

	at org.codehaus.groovy.runtime.callsite.ConstructorSite$ConstructorSiteNoUnwrap.callConstructor(ConstructorSite.java:84)
	at org.codehaus.groovy.runtime.callsite.AbstractCallSite.callConstructor(AbstractCallSite.java:247)
	at io.restassured.internal.ResponseSpecificationImpl$HamcrestAssertionClosure.validate(ResponseSpecificationImpl.groovy:471)
	at io.restassured.internal.ResponseSpecificationImpl$HamcrestAssertionClosure$validate$1.call(Unknown Source)
	at io.restassured.internal.ResponseSpecificationImpl.validateResponseIfRequired(ResponseSpecificationImpl.groovy:643)
	at org.codehaus.groovy.runtime.callsite.PogoMetaMethodSite$PogoCachedMethodSiteNoUnwrapNoCoerce.invoke(PogoMetaMethodSite.java:210)
	at org.codehaus.groovy.runtime.callsite.PogoMetaMethodSite.callCurrent(PogoMetaMethodSite.java:59)
	at org.codehaus.groovy.runtime.callsite.AbstractCallSite.callCurrent(AbstractCallSite.java:166)
	at io.restassured.internal.ResponseSpecificationImpl.content(ResponseSpecificationImpl.groovy:265)
	at io.restassured.specification.ResponseSpecification$content$1.callCurrent(Unknown Source)
	at io.restassured.internal.ResponseSpecificationImpl.body(ResponseSpecificationImpl.groovy:248)
	at io.restassured.internal.ValidatableResponseOptionsImpl.body(ValidatableResponseOptionsImpl.java:268)
	at com.skywind.qa.test.SpinTest.testSpin(SpinTest.java:82)
... Removed 36 stack frames</div></td></tr></table><p class="totop"><a href="#summary">back to summary</a></p><h3 id="m3">com.skywind.qa.test.SpinTest#testSpin</h3><table class="result"><tr class="param"><th>Parameter #1</th></tr><tr class="param stripe"><td>Spin{description=&apos;SecondTheme3x4&apos;, combinations=&apos;12,21,20,27,27&apos;, totalWin=0}</td></tr><tr><th>Exception</th></tr><tr><td><div class="stacktrace">java.lang.AssertionError: 1 expectation failed.
JSON path result.totalWin doesn&apos;t match.
Expected: &lt;0&gt;
  Actual: 20

	at org.codehaus.groovy.runtime.callsite.ConstructorSite$ConstructorSiteNoUnwrap.callConstructor(ConstructorSite.java:84)
	at org.codehaus.groovy.runtime.callsite.AbstractCallSite.callConstructor(AbstractCallSite.java:247)
	at io.restassured.internal.ResponseSpecificationImpl$HamcrestAssertionClosure.validate(ResponseSpecificationImpl.groovy:471)
	at io.restassured.internal.ResponseSpecificationImpl$HamcrestAssertionClosure$validate$1.call(Unknown Source)
	at io.restassured.internal.ResponseSpecificationImpl.validateResponseIfRequired(ResponseSpecificationImpl.groovy:643)
	at org.codehaus.groovy.runtime.callsite.PogoMetaMethodSite$PogoCachedMethodSiteNoUnwrapNoCoerce.invoke(PogoMetaMethodSite.java:210)
	at org.codehaus.groovy.runtime.callsite.PogoMetaMethodSite.callCurrent(PogoMetaMethodSite.java:59)
	at org.codehaus.groovy.runtime.callsite.AbstractCallSite.callCurrent(AbstractCallSite.java:166)
	at io.restassured.internal.ResponseSpecificationImpl.content(ResponseSpecificationImpl.groovy:265)
	at io.restassured.specification.ResponseSpecification$content$1.callCurrent(Unknown Source)
	at io.restassured.internal.ResponseSpecificationImpl.body(ResponseSpecificationImpl.groovy:248)
	at io.restassured.internal.ValidatableResponseOptionsImpl.body(ValidatableResponseOptionsImpl.java:268)
	at com.skywind.qa.test.SpinTest.testSpin(SpinTest.java:82)
... Removed 37 stack frames</div></td></tr></table><p class="totop"><a href="#summary">back to summary</a></p><h3 id="m4">com.skywind.qa.test.SpinTest#testSpin</h3><table class="result"><tr class="param"><th>Parameter #1</th></tr><tr class="param stripe"><td>Spin{description=&apos;Theme4x5&apos;, combinations=&apos;28,28,30,5,28&apos;, totalWin=150}</td></tr><tr><th>Exception</th></tr><tr><td><div class="stacktrace">java.lang.AssertionError: 1 expectation failed.
JSON path result.totalWin doesn&apos;t match.
Expected: &lt;150&gt;
  Actual: 70

	at org.codehaus.groovy.runtime.callsite.ConstructorSite$ConstructorSiteNoUnwrap.callConstructor(ConstructorSite.java:84)
	at org.codehaus.groovy.runtime.callsite.AbstractCallSite.callConstructor(AbstractCallSite.java:247)
	at io.restassured.internal.ResponseSpecificationImpl$HamcrestAssertionClosure.validate(ResponseSpecificationImpl.groovy:471)
	at io.restassured.internal.ResponseSpecificationImpl$HamcrestAssertionClosure$validate$1.call(Unknown Source)
	at io.restassured.internal.ResponseSpecificationImpl.validateResponseIfRequired(ResponseSpecificationImpl.groovy:643)
	at org.codehaus.groovy.runtime.callsite.PogoMetaMethodSite$PogoCachedMethodSiteNoUnwrapNoCoerce.invoke(PogoMetaMethodSite.java:210)
	at org.codehaus.groovy.runtime.callsite.PogoMetaMethodSite.callCurrent(PogoMetaMethodSite.java:59)
	at org.codehaus.groovy.runtime.callsite.AbstractCallSite.callCurrent(AbstractCallSite.java:166)
	at io.restassured.internal.ResponseSpecificationImpl.content(ResponseSpecificationImpl.groovy:265)
	at io.restassured.specification.ResponseSpecification$content$1.callCurrent(Unknown Source)
	at io.restassured.internal.ResponseSpecificationImpl.body(ResponseSpecificationImpl.groovy:248)
	at io.restassured.internal.ValidatableResponseOptionsImpl.body(ValidatableResponseOptionsImpl.java:268)
	at com.skywind.qa.test.SpinTest.testSpin(SpinTest.java:82)
... Removed 36 stack frames</div></td></tr></table><p class="totop"><a href="#summary">back to summary</a></p><h3 id="m5">com.skywind.qa.test.SpinTest#testSpin</h3><table class="result"><tr class="param"><th>Parameter #1</th></tr><tr class="param stripe"><td>Spin{description=&apos;Ax5&apos;, combinations=&apos;22,10,20,6,2&apos;, totalWin=100}</td></tr><tr><th>Exception</th></tr><tr><td><div class="stacktrace">java.lang.AssertionError: 1 expectation failed.
JSON path result.totalWin doesn&apos;t match.
Expected: &lt;100&gt;
  Actual: 6

	at org.codehaus.groovy.runtime.callsite.ConstructorSite$ConstructorSiteNoUnwrap.callConstructor(ConstructorSite.java:84)
	at org.codehaus.groovy.runtime.callsite.AbstractCallSite.callConstructor(AbstractCallSite.java:247)
	at io.restassured.internal.ResponseSpecificationImpl$HamcrestAssertionClosure.validate(ResponseSpecificationImpl.groovy:471)
	at io.restassured.internal.ResponseSpecificationImpl$HamcrestAssertionClosure$validate$1.call(Unknown Source)
	at io.restassured.internal.ResponseSpecificationImpl.validateResponseIfRequired(ResponseSpecificationImpl.groovy:643)
	at org.codehaus.groovy.runtime.callsite.PogoMetaMethodSite$PogoCachedMethodSiteNoUnwrapNoCoerce.invoke(PogoMetaMethodSite.java:210)
	at org.codehaus.groovy.runtime.callsite.PogoMetaMethodSite.callCurrent(PogoMetaMethodSite.java:59)
	at org.codehaus.groovy.runtime.callsite.AbstractCallSite.callCurrent(AbstractCallSite.java:166)
	at io.restassured.internal.ResponseSpecificationImpl.content(ResponseSpecificationImpl.groovy:265)
	at io.restassured.specification.ResponseSpecification$content$1.callCurrent(Unknown Source)
	at io.restassured.internal.ResponseSpecificationImpl.body(ResponseSpecificationImpl.groovy:248)
	at io.restassured.internal.ValidatableResponseOptionsImpl.body(ValidatableResponseOptionsImpl.java:268)
	at com.skywind.qa.test.SpinTest.testSpin(SpinTest.java:82)
... Removed 36 stack frames</div></td></tr></table><p class="totop"><a href="#summary">back to summary</a></p><h3 id="m6">com.skywind.qa.test.SpinTest#testSpin</h3><table class="result"><tr class="param"><th>Parameter #1</th></tr><tr class="param stripe"><td>Spin{description=&apos;Theme2x5&apos;, combinations=&apos;5,3,11,8,21&apos;, totalWin=300}</td></tr><tr><th>Exception</th></tr><tr><td><div class="stacktrace">java.lang.AssertionError: 1 expectation failed.
JSON path result.totalWin doesn&apos;t match.
Expected: &lt;300&gt;
  Actual: 75

	at org.codehaus.groovy.runtime.callsite.ConstructorSite$ConstructorSiteNoUnwrap.callConstructor(ConstructorSite.java:84)
	at org.codehaus.groovy.runtime.callsite.AbstractCallSite.callConstructor(AbstractCallSite.java:247)
	at io.restassured.internal.ResponseSpecificationImpl$HamcrestAssertionClosure.validate(ResponseSpecificationImpl.groovy:471)
	at io.restassured.internal.ResponseSpecificationImpl$HamcrestAssertionClosure$validate$1.call(Unknown Source)
	at io.restassured.internal.ResponseSpecificationImpl.validateResponseIfRequired(ResponseSpecificationImpl.groovy:643)
	at org.codehaus.groovy.runtime.callsite.PogoMetaMethodSite$PogoCachedMethodSiteNoUnwrapNoCoerce.invoke(PogoMetaMethodSite.java:210)
	at org.codehaus.groovy.runtime.callsite.PogoMetaMethodSite.callCurrent(PogoMetaMethodSite.java:59)
	at org.codehaus.groovy.runtime.callsite.AbstractCallSite.callCurrent(AbstractCallSite.java:166)
	at io.restassured.internal.ResponseSpecificationImpl.content(ResponseSpecificationImpl.groovy:265)
	at io.restassured.specification.ResponseSpecification$content$1.callCurrent(Unknown Source)
	at io.restassured.internal.ResponseSpecificationImpl.body(ResponseSpecificationImpl.groovy:248)
	at io.restassured.internal.ValidatableResponseOptionsImpl.body(ValidatableResponseOptionsImpl.java:268)
	at com.skywind.qa.test.SpinTest.testSpin(SpinTest.java:82)
... Removed 38 stack frames</div></td></tr></table><p class="totop"><a href="#summary">back to summary</a></p><h3 id="m7">com.skywind.qa.test.SpinTest#testSpin</h3><table class="result"><tr class="param"><th>Parameter #1</th></tr><tr class="param stripe"><td>Spin{description=&apos;Theme4x3&apos;, combinations=&apos;0,7,31,16,17&apos;, totalWin=30}</td></tr><tr><th>Exception</th></tr><tr><td><div class="stacktrace">java.lang.AssertionError: 1 expectation failed.
JSON path result.totalWin doesn&apos;t match.
Expected: &lt;30&gt;
  Actual: 20

	at org.codehaus.groovy.runtime.callsite.ConstructorSite$ConstructorSiteNoUnwrap.callConstructor(ConstructorSite.java:84)
	at org.codehaus.groovy.runtime.callsite.AbstractCallSite.callConstructor(AbstractCallSite.java:247)
	at io.restassured.internal.ResponseSpecificationImpl$HamcrestAssertionClosure.validate(ResponseSpecificationImpl.groovy:471)
	at io.restassured.internal.ResponseSpecificationImpl$HamcrestAssertionClosure$validate$1.call(Unknown Source)
	at io.restassured.internal.ResponseSpecificationImpl.validateResponseIfRequired(ResponseSpecificationImpl.groovy:643)
	at org.codehaus.groovy.runtime.callsite.PogoMetaMethodSite$PogoCachedMethodSiteNoUnwrapNoCoerce.invoke(PogoMetaMethodSite.java:210)
	at org.codehaus.groovy.runtime.callsite.PogoMetaMethodSite.callCurrent(PogoMetaMethodSite.java:59)
	at org.codehaus.groovy.runtime.callsite.AbstractCallSite.callCurrent(AbstractCallSite.java:166)
	at io.restassured.internal.ResponseSpecificationImpl.content(ResponseSpecificationImpl.groovy:265)
	at io.restassured.specification.ResponseSpecification$content$1.callCurrent(Unknown Source)
	at io.restassured.internal.ResponseSpecificationImpl.body(ResponseSpecificationImpl.groovy:248)
	at io.restassured.internal.ValidatableResponseOptionsImpl.body(ValidatableResponseOptionsImpl.java:268)
	at com.skywind.qa.test.SpinTest.testSpin(SpinTest.java:82)
... Removed 36 stack frames</div></td></tr></table><p class="totop"><a href="#summary">back to summary</a></p><h3 id="m8">com.skywind.qa.test.SpinTest#testSpin</h3><table class="result"><tr class="param"><th>Parameter #1</th></tr><tr class="param stripe"><td>Spin{description=&apos;SecondTheme3x3&apos;, combinations=&apos;25,22,3,6,25&apos;, totalWin=0}</td></tr><tr><th>Exception</th></tr><tr><td><div class="stacktrace">java.lang.AssertionError: 1 expectation failed.
JSON path result.totalWin doesn&apos;t match.
Expected: &lt;0&gt;
  Actual: 60

	at org.codehaus.groovy.runtime.callsite.ConstructorSite$ConstructorSiteNoUnwrap.callConstructor(ConstructorSite.java:84)
	at org.codehaus.groovy.runtime.callsite.AbstractCallSite.callConstructor(AbstractCallSite.java:247)
	at io.restassured.internal.ResponseSpecificationImpl$HamcrestAssertionClosure.validate(ResponseSpecificationImpl.groovy:471)
	at io.restassured.internal.ResponseSpecificationImpl$HamcrestAssertionClosure$validate$1.call(Unknown Source)
	at io.restassured.internal.ResponseSpecificationImpl.validateResponseIfRequired(ResponseSpecificationImpl.groovy:643)
	at org.codehaus.groovy.runtime.callsite.PogoMetaMethodSite$PogoCachedMethodSiteNoUnwrapNoCoerce.invoke(PogoMetaMethodSite.java:210)
	at org.codehaus.groovy.runtime.callsite.PogoMetaMethodSite.callCurrent(PogoMetaMethodSite.java:59)
	at org.codehaus.groovy.runtime.callsite.AbstractCallSite.callCurrent(AbstractCallSite.java:166)
	at io.restassured.internal.ResponseSpecificationImpl.content(ResponseSpecificationImpl.groovy:265)
	at io.restassured.specification.ResponseSpecification$content$1.callCurrent(Unknown Source)
	at io.restassured.internal.ResponseSpecificationImpl.body(ResponseSpecificationImpl.groovy:248)
	at io.restassured.internal.ValidatableResponseOptionsImpl.body(ValidatableResponseOptionsImpl.java:268)
	at com.skywind.qa.test.SpinTest.testSpin(SpinTest.java:82)
... Removed 36 stack frames</div></td></tr></table><p class="totop"><a href="#summary">back to summary</a></p><h3 id="m9">com.skywind.qa.test.SpinTest#testSpin</h3><table class="result"><tr class="param"><th>Parameter #1</th></tr><tr class="param stripe"><td>Spin{description=&apos;10x2&apos;, combinations=&apos;4,30,12,20,3&apos;, totalWin=2}</td></tr><tr><th>Exception</th></tr><tr><td><div class="stacktrace">java.lang.AssertionError: 1 expectation failed.
JSON path result.totalWin doesn&apos;t match.
Expected: &lt;2&gt;
  Actual: 4

	at org.codehaus.groovy.runtime.callsite.ConstructorSite$ConstructorSiteNoUnwrap.callConstructor(ConstructorSite.java:84)
	at org.codehaus.groovy.runtime.callsite.AbstractCallSite.callConstructor(AbstractCallSite.java:247)
	at io.restassured.internal.ResponseSpecificationImpl$HamcrestAssertionClosure.validate(ResponseSpecificationImpl.groovy:471)
	at io.restassured.internal.ResponseSpecificationImpl$HamcrestAssertionClosure$validate$1.call(Unknown Source)
	at io.restassured.internal.ResponseSpecificationImpl.validateResponseIfRequired(ResponseSpecificationImpl.groovy:643)
	at org.codehaus.groovy.runtime.callsite.PogoMetaMethodSite$PogoCachedMethodSiteNoUnwrapNoCoerce.invoke(PogoMetaMethodSite.java:210)
	at org.codehaus.groovy.runtime.callsite.PogoMetaMethodSite.callCurrent(PogoMetaMethodSite.java:59)
	at org.codehaus.groovy.runtime.callsite.AbstractCallSite.callCurrent(AbstractCallSite.java:166)
	at io.restassured.internal.ResponseSpecificationImpl.content(ResponseSpecificationImpl.groovy:265)
	at io.restassured.specification.ResponseSpecification$content$1.callCurrent(Unknown Source)
	at io.restassured.internal.ResponseSpecificationImpl.body(ResponseSpecificationImpl.groovy:248)
	at io.restassured.internal.ValidatableResponseOptionsImpl.body(ValidatableResponseOptionsImpl.java:268)
	at com.skywind.qa.test.SpinTest.testSpin(SpinTest.java:82)
... Removed 35 stack frames</div></td></tr></table><p class="totop"><a href="#summary">back to summary</a></p><h3 id="m10">com.skywind.qa.test.SpinTest#testSpin</h3><table class="result"><tr class="param"><th>Parameter #1</th></tr><tr class="param stripe"><td>Spin{description=&apos;Theme3x4&apos;, combinations=&apos;13,22,21,28,27&apos;, totalWin=120}</td></tr><tr><th>Exception</th></tr><tr><td><div class="stacktrace">java.lang.AssertionError: 1 expectation failed.
JSON path result.totalWin doesn&apos;t match.
Expected: &lt;120&gt;
  Actual: 60

	at org.codehaus.groovy.runtime.callsite.ConstructorSite$ConstructorSiteNoUnwrap.callConstructor(ConstructorSite.java:84)
	at org.codehaus.groovy.runtime.callsite.AbstractCallSite.callConstructor(AbstractCallSite.java:247)
	at io.restassured.internal.ResponseSpecificationImpl$HamcrestAssertionClosure.validate(ResponseSpecificationImpl.groovy:471)
	at io.restassured.internal.ResponseSpecificationImpl$HamcrestAssertionClosure$validate$1.call(Unknown Source)
	at io.restassured.internal.ResponseSpecificationImpl.validateResponseIfRequired(ResponseSpecificationImpl.groovy:643)
	at org.codehaus.groovy.runtime.callsite.PogoMetaMethodSite$PogoCachedMethodSiteNoUnwrapNoCoerce.invoke(PogoMetaMethodSite.java:210)
	at org.codehaus.groovy.runtime.callsite.PogoMetaMethodSite.callCurrent(PogoMetaMethodSite.java:59)
	at org.codehaus.groovy.runtime.callsite.AbstractCallSite.callCurrent(AbstractCallSite.java:166)
	at io.restassured.internal.ResponseSpecificationImpl.content(ResponseSpecificationImpl.groovy:265)
	at io.restassured.specification.ResponseSpecification$content$1.callCurrent(Unknown Source)
	at io.restassured.internal.ResponseSpecificationImpl.body(ResponseSpecificationImpl.groovy:248)
	at io.restassured.internal.ValidatableResponseOptionsImpl.body(ValidatableResponseOptionsImpl.java:268)
	at com.skywind.qa.test.SpinTest.testSpin(SpinTest.java:82)
... Removed 37 stack frames</div></td></tr></table><p class="totop"><a href="#summary">back to summary</a></p><h3 id="m11">com.skywind.qa.test.SpinTest#testSpin</h3><table class="result"><tr class="param"><th>Parameter #1</th></tr><tr class="param stripe"><td>Spin{description=&apos;Theme3x3&apos;, combinations=&apos;26,23,4,6,25&apos;, totalWin=60}</td></tr><tr><th>Exception</th></tr><tr><td><div class="stacktrace">java.lang.AssertionError: 1 expectation failed.
JSON path result.totalWin doesn&apos;t match.
Expected: &lt;60&gt;
  Actual: 0

	at org.codehaus.groovy.runtime.callsite.ConstructorSite$ConstructorSiteNoUnwrap.callConstructor(ConstructorSite.java:84)
	at org.codehaus.groovy.runtime.callsite.AbstractCallSite.callConstructor(AbstractCallSite.java:247)
	at io.restassured.internal.ResponseSpecificationImpl$HamcrestAssertionClosure.validate(ResponseSpecificationImpl.groovy:471)
	at io.restassured.internal.ResponseSpecificationImpl$HamcrestAssertionClosure$validate$1.call(Unknown Source)
	at io.restassured.internal.ResponseSpecificationImpl.validateResponseIfRequired(ResponseSpecificationImpl.groovy:643)
	at org.codehaus.groovy.runtime.callsite.PogoMetaMethodSite$PogoCachedMethodSiteNoUnwrapNoCoerce.invoke(PogoMetaMethodSite.java:210)
	at org.codehaus.groovy.runtime.callsite.PogoMetaMethodSite.callCurrent(PogoMetaMethodSite.java:59)
	at org.codehaus.groovy.runtime.callsite.AbstractCallSite.callCurrent(AbstractCallSite.java:166)
	at io.restassured.internal.ResponseSpecificationImpl.content(ResponseSpecificationImpl.groovy:265)
	at io.restassured.specification.ResponseSpecification$content$1.callCurrent(Unknown Source)
	at io.restassured.internal.ResponseSpecificationImpl.body(ResponseSpecificationImpl.groovy:248)
	at io.restassured.internal.ValidatableResponseOptionsImpl.body(ValidatableResponseOptionsImpl.java:268)
	at com.skywind.qa.test.SpinTest.testSpin(SpinTest.java:82)
... Removed 36 stack frames</div></td></tr></table><p class="totop"><a href="#summary">back to summary</a></p><h3 id="m12">com.skywind.qa.test.SpinTest#testSpin</h3><table class="result"><tr class="param"><th>Parameter #1</th></tr><tr class="param stripe"><td>Spin{description=&apos;Ax4&apos;, combinations=&apos;7,25,32,7,27&apos;, totalWin=45}</td></tr><tr><th>Exception</th></tr><tr><td><div class="stacktrace">java.lang.AssertionError: 1 expectation failed.
JSON path result.totalWin doesn&apos;t match.
Expected: &lt;45&gt;
  Actual: 0

	at org.codehaus.groovy.runtime.callsite.ConstructorSite$ConstructorSiteNoUnwrap.callConstructor(ConstructorSite.java:84)
	at org.codehaus.groovy.runtime.callsite.AbstractCallSite.callConstructor(AbstractCallSite.java:247)
	at io.restassured.internal.ResponseSpecificationImpl$HamcrestAssertionClosure.validate(ResponseSpecificationImpl.groovy:471)
	at io.restassured.internal.ResponseSpecificationImpl$HamcrestAssertionClosure$validate$1.call(Unknown Source)
	at io.restassured.internal.ResponseSpecificationImpl.validateResponseIfRequired(ResponseSpecificationImpl.groovy:643)
	at org.codehaus.groovy.runtime.callsite.PogoMetaMethodSite$PogoCachedMethodSiteNoUnwrapNoCoerce.invoke(PogoMetaMethodSite.java:210)
	at org.codehaus.groovy.runtime.callsite.PogoMetaMethodSite.callCurrent(PogoMetaMethodSite.java:59)
	at org.codehaus.groovy.runtime.callsite.AbstractCallSite.callCurrent(AbstractCallSite.java:166)
	at io.restassured.internal.ResponseSpecificationImpl.content(ResponseSpecificationImpl.groovy:265)
	at io.restassured.specification.ResponseSpecification$content$1.callCurrent(Unknown Source)
	at io.restassured.internal.ResponseSpecificationImpl.body(ResponseSpecificationImpl.groovy:248)
	at io.restassured.internal.ValidatableResponseOptionsImpl.body(ValidatableResponseOptionsImpl.java:268)
	at com.skywind.qa.test.SpinTest.testSpin(SpinTest.java:82)
... Removed 35 stack frames</div></td></tr></table><p class="totop"><a href="#summary">back to summary</a></p><h3 id="m13">com.skywind.qa.test.SpinTest#testSpin</h3><table class="result"><tr class="param"><th>Parameter #1</th></tr><tr class="param stripe"><td>Spin{description=&apos;Theme1x5&apos;, combinations=&apos;4,24,6,7,20&apos;, totalWin=5000}</td></tr><tr><th>Exception</th></tr><tr><td><div class="stacktrace">java.lang.AssertionError: 1 expectation failed.
JSON path result.totalWin doesn&apos;t match.
Expected: &lt;5000&gt;
  Actual: 0

	at org.codehaus.groovy.runtime.callsite.ConstructorSite$ConstructorSiteNoUnwrap.callConstructor(ConstructorSite.java:84)
	at org.codehaus.groovy.runtime.callsite.CallSiteArray.defaultCallConstructor(CallSiteArray.java:60)
	at org.codehaus.groovy.runtime.callsite.AbstractCallSite.callConstructor(AbstractCallSite.java:235)
	at org.codehaus.groovy.runtime.callsite.AbstractCallSite.callConstructor(AbstractCallSite.java:247)
	at io.restassured.internal.ResponseSpecificationImpl$HamcrestAssertionClosure.validate(ResponseSpecificationImpl.groovy:471)
	at io.restassured.internal.ResponseSpecificationImpl$HamcrestAssertionClosure$validate$1.call(Unknown Source)
	at io.restassured.internal.ResponseSpecificationImpl.validateResponseIfRequired(ResponseSpecificationImpl.groovy:643)
	at org.codehaus.groovy.runtime.callsite.PogoMetaMethodSite$PogoCachedMethodSiteNoUnwrapNoCoerce.invoke(PogoMetaMethodSite.java:210)
	at org.codehaus.groovy.runtime.callsite.PogoMetaMethodSite.callCurrent(PogoMetaMethodSite.java:59)
	at org.codehaus.groovy.runtime.callsite.CallSiteArray.defaultCallCurrent(CallSiteArray.java:52)
	at org.codehaus.groovy.runtime.callsite.AbstractCallSite.callCurrent(AbstractCallSite.java:154)
	at org.codehaus.groovy.runtime.callsite.AbstractCallSite.callCurrent(AbstractCallSite.java:166)
	at io.restassured.internal.ResponseSpecificationImpl.content(ResponseSpecificationImpl.groovy:265)
	at io.restassured.specification.ResponseSpecification$content$1.callCurrent(Unknown Source)
	at org.codehaus.groovy.runtime.callsite.CallSiteArray.defaultCallCurrent(CallSiteArray.java:52)
	at org.codehaus.groovy.runtime.callsite.AbstractCallSite.callCurrent(AbstractCallSite.java:154)
	at org.codehaus.groovy.runtime.callsite.AbstractCallSite.callCurrent(AbstractCallSite.java:190)
	at io.restassured.internal.ResponseSpecificationImpl.body(ResponseSpecificationImpl.groovy:248)
	at io.restassured.internal.ValidatableResponseOptionsImpl.body(ValidatableResponseOptionsImpl.java:268)
	at com.skywind.qa.test.SpinTest.testSpin(SpinTest.java:82)
... Removed 38 stack frames</div></td></tr></table><p class="totop"><a href="#summary">back to summary</a></p><h3 id="m14">com.skywind.qa.test.SpinTest#testSpin</h3><table class="result"><tr class="param"><th>Parameter #1</th></tr><tr class="param stripe"><td>Spin{description=&apos;Theme1x3&apos;, combinations=&apos;19,23,6,5,15&apos;, totalWin=100}</td></tr><tr><th>Exception</th></tr><tr><td><div class="stacktrace">java.lang.AssertionError: 1 expectation failed.
JSON path result.totalWin doesn&apos;t match.
Expected: &lt;100&gt;
  Actual: 0

	at org.codehaus.groovy.runtime.callsite.ConstructorSite$ConstructorSiteNoUnwrap.callConstructor(ConstructorSite.java:84)
	at org.codehaus.groovy.runtime.callsite.AbstractCallSite.callConstructor(AbstractCallSite.java:247)
	at io.restassured.internal.ResponseSpecificationImpl$HamcrestAssertionClosure.validate(ResponseSpecificationImpl.groovy:471)
	at io.restassured.internal.ResponseSpecificationImpl$HamcrestAssertionClosure$validate$1.call(Unknown Source)
	at io.restassured.internal.ResponseSpecificationImpl.validateResponseIfRequired(ResponseSpecificationImpl.groovy:643)
	at org.codehaus.groovy.runtime.callsite.PogoMetaMethodSite$PogoCachedMethodSiteNoUnwrapNoCoerce.invoke(PogoMetaMethodSite.java:210)
	at org.codehaus.groovy.runtime.callsite.PogoMetaMethodSite.callCurrent(PogoMetaMethodSite.java:59)
	at org.codehaus.groovy.runtime.callsite.AbstractCallSite.callCurrent(AbstractCallSite.java:166)
	at io.restassured.internal.ResponseSpecificationImpl.content(ResponseSpecificationImpl.groovy:265)
	at io.restassured.specification.ResponseSpecification$content$1.callCurrent(Unknown Source)
	at io.restassured.internal.ResponseSpecificationImpl.body(ResponseSpecificationImpl.groovy:248)
	at io.restassured.internal.ValidatableResponseOptionsImpl.body(ValidatableResponseOptionsImpl.java:268)
	at com.skywind.qa.test.SpinTest.testSpin(SpinTest.java:82)
... Removed 38 stack frames</div></td></tr></table><p class="totop"><a href="#summary">back to summary</a></p><h3 id="m15">com.skywind.qa.test.SpinTest#testSpin</h3><table class="result"><tr class="param"><th>Parameter #1</th></tr><tr class="param stripe"><td>Spin{description=&apos;Theme1x4&apos;, combinations=&apos;20,24,6,7,7&apos;, totalWin=250}</td></tr><tr><th>Exception</th></tr><tr><td><div class="stacktrace">java.lang.AssertionError: 1 expectation failed.
JSON path result.totalWin doesn&apos;t match.
Expected: &lt;250&gt;
  Actual: 0

	at org.codehaus.groovy.runtime.callsite.ConstructorSite$ConstructorSiteNoUnwrap.callConstructor(ConstructorSite.java:84)
	at org.codehaus.groovy.runtime.callsite.AbstractCallSite.callConstructor(AbstractCallSite.java:247)
	at io.restassured.internal.ResponseSpecificationImpl$HamcrestAssertionClosure.validate(ResponseSpecificationImpl.groovy:471)
	at io.restassured.internal.ResponseSpecificationImpl$HamcrestAssertionClosure$validate$1.call(Unknown Source)
	at io.restassured.internal.ResponseSpecificationImpl.validateResponseIfRequired(ResponseSpecificationImpl.groovy:643)
	at org.codehaus.groovy.runtime.callsite.PogoMetaMethodSite$PogoCachedMethodSiteNoUnwrapNoCoerce.invoke(PogoMetaMethodSite.java:210)
	at org.codehaus.groovy.runtime.callsite.PogoMetaMethodSite.callCurrent(PogoMetaMethodSite.java:59)
	at org.codehaus.groovy.runtime.callsite.AbstractCallSite.callCurrent(AbstractCallSite.java:166)
	at io.restassured.internal.ResponseSpecificationImpl.content(ResponseSpecificationImpl.groovy:265)
	at io.restassured.specification.ResponseSpecification$content$1.callCurrent(Unknown Source)
	at io.restassured.internal.ResponseSpecificationImpl.body(ResponseSpecificationImpl.groovy:248)
	at io.restassured.internal.ValidatableResponseOptionsImpl.body(ValidatableResponseOptionsImpl.java:268)
	at com.skywind.qa.test.SpinTest.testSpin(SpinTest.java:82)
... Removed 38 stack frames</div></td></tr></table><p class="totop"><a href="#summary">back to summary</a></p><h3 id="m16">com.skywind.qa.test.SpinTest#testSpin</h3><table class="result"><tr class="param"><th>Parameter #1</th></tr><tr class="param stripe"><td>Spin{description=&apos;SecondTheme1x4&apos;, combinations=&apos;19,23,5,6,7&apos;, totalWin=0}</td></tr><tr><th>Exception</th></tr><tr><td><div class="stacktrace">java.lang.AssertionError: 1 expectation failed.
JSON path result.totalWin doesn&apos;t match.
Expected: &lt;0&gt;
  Actual: 100

	at org.codehaus.groovy.runtime.callsite.ConstructorSite$ConstructorSiteNoUnwrap.callConstructor(ConstructorSite.java:84)
	at org.codehaus.groovy.runtime.callsite.AbstractCallSite.callConstructor(AbstractCallSite.java:247)
	at io.restassured.internal.ResponseSpecificationImpl$HamcrestAssertionClosure.validate(ResponseSpecificationImpl.groovy:471)
	at io.restassured.internal.ResponseSpecificationImpl$HamcrestAssertionClosure$validate$1.call(Unknown Source)
	at io.restassured.internal.ResponseSpecificationImpl.validateResponseIfRequired(ResponseSpecificationImpl.groovy:643)
	at org.codehaus.groovy.runtime.callsite.PogoMetaMethodSite$PogoCachedMethodSiteNoUnwrapNoCoerce.invoke(PogoMetaMethodSite.java:210)
	at org.codehaus.groovy.runtime.callsite.PogoMetaMethodSite.callCurrent(PogoMetaMethodSite.java:59)
	at org.codehaus.groovy.runtime.callsite.AbstractCallSite.callCurrent(AbstractCallSite.java:166)
	at io.restassured.internal.ResponseSpecificationImpl.content(ResponseSpecificationImpl.groovy:265)
	at io.restassured.specification.ResponseSpecification$content$1.callCurrent(Unknown Source)
	at io.restassured.internal.ResponseSpecificationImpl.body(ResponseSpecificationImpl.groovy:248)
	at io.restassured.internal.ValidatableResponseOptionsImpl.body(ValidatableResponseOptionsImpl.java:268)
	at com.skywind.qa.test.SpinTest.testSpin(SpinTest.java:82)
... Removed 38 stack frames</div></td></tr></table><p class="totop"><a href="#summary">back to summary</a></p><h3 id="m17">com.skywind.qa.test.SpinTest#testSpin</h3><table class="result"><tr class="param"><th>Parameter #1</th></tr><tr class="param stripe"><td>Spin{description=&apos;Theme4x4&apos;, combinations=&apos;32,5,14,23,9&apos;, totalWin=80}</td></tr><tr><th>Exception</th></tr><tr><td><div class="stacktrace">java.lang.AssertionError: 1 expectation failed.
JSON path result.totalWin doesn&apos;t match.
Expected: &lt;80&gt;
  Actual: 0

	at org.codehaus.groovy.runtime.callsite.ConstructorSite$ConstructorSiteNoUnwrap.callConstructor(ConstructorSite.java:84)
	at org.codehaus.groovy.runtime.callsite.AbstractCallSite.callConstructor(AbstractCallSite.java:247)
	at io.restassured.internal.ResponseSpecificationImpl$HamcrestAssertionClosure.validate(ResponseSpecificationImpl.groovy:471)
	at io.restassured.internal.ResponseSpecificationImpl$HamcrestAssertionClosure$validate$1.call(Unknown Source)
	at io.restassured.internal.ResponseSpecificationImpl.validateResponseIfRequired(ResponseSpecificationImpl.groovy:643)
	at org.codehaus.groovy.runtime.callsite.PogoMetaMethodSite$PogoCachedMethodSiteNoUnwrapNoCoerce.invoke(PogoMetaMethodSite.java:210)
	at org.codehaus.groovy.runtime.callsite.PogoMetaMethodSite.callCurrent(PogoMetaMethodSite.java:59)
	at org.codehaus.groovy.runtime.callsite.AbstractCallSite.callCurrent(AbstractCallSite.java:166)
	at io.restassured.internal.ResponseSpecificationImpl.content(ResponseSpecificationImpl.groovy:265)
	at io.restassured.specification.ResponseSpecification$content$1.callCurrent(Unknown Source)
	at io.restassured.internal.ResponseSpecificationImpl.body(ResponseSpecificationImpl.groovy:248)
	at io.restassured.internal.ValidatableResponseOptionsImpl.body(ValidatableResponseOptionsImpl.java:268)
	at com.skywind.qa.test.SpinTest.testSpin(SpinTest.java:82)
... Removed 36 stack frames</div></td></tr></table><p class="totop"><a href="#summary">back to summary</a></p><h3 id="m18">com.skywind.qa.test.SpinTest#testSpin</h3><table class="result"><tr class="param"><th>Parameter #1</th></tr><tr class="param stripe"><td>Spin{description=&apos;Qx5&apos;, combinations=&apos;0,2,11,19,2&apos;, totalWin=75}</td></tr></table><p class="totop"><a href="#summary">back to summary</a></p><h3 id="m19">com.skywind.qa.test.SpinTest#testSpin</h3><table class="result"><tr class="param"><th>Parameter #1</th></tr><tr class="param stripe"><td>Spin{description=&apos;Second9x2&apos;, combinations=&apos;23,9,25,7,31&apos;, totalWin=0}</td></tr></table><p class="totop"><a href="#summary">back to summary</a></p><h3 id="m20">com.skywind.qa.test.SpinTest#testSpin</h3><table class="result"><tr class="param"><th>Parameter #1</th></tr><tr class="param stripe"><td>Spin{description=&apos;Kx4&apos;, combinations=&apos;11,4,0,31,21&apos;, totalWin=35}</td></tr></table><p class="totop"><a href="#summary">back to summary</a></p><h3 id="m21">com.skywind.qa.test.SpinTest#testSpin</h3><table class="result"><tr class="param"><th>Parameter #1</th></tr><tr class="param stripe"><td>Spin{description=&apos;SecondTheme2x3&apos;, combinations=&apos;6,3,10,19,16&apos;, totalWin=0}</td></tr></table><p class="totop"><a href="#summary">back to summary</a></p><h3 id="m22">com.skywind.qa.test.SpinTest#testSpin</h3><table class="result"><tr class="param"><th>Parameter #1</th></tr><tr class="param stripe"><td>Spin{description=&apos;9x3&apos;, combinations=&apos;29,0,3,18,13&apos;, totalWin=7}</td></tr></table><p class="totop"><a href="#summary">back to summary</a></p><h3 id="m23">com.skywind.qa.test.SpinTest#testSpin</h3><table class="result"><tr class="param"><th>Parameter #1</th></tr><tr class="param stripe"><td>Spin{description=&apos;FGMultiplierX5&apos;, combinations=&apos;17,15,7,16,0&apos;, totalWin=125}</td></tr></table><p class="totop"><a href="#summary">back to summary</a></p><h3 id="m24">com.skywind.qa.test.SpinTest#testSpin</h3><table class="result"><tr class="param"><th>Parameter #1</th></tr><tr class="param stripe"><td>Spin{description=&apos;Jx4&apos;, combinations=&apos;1,0,24,2,21&apos;, totalWin=25}</td></tr></table><p class="totop"><a href="#summary">back to summary</a></p><h3 id="m25">com.skywind.qa.test.SpinTest#testSpin</h3><table class="result"><tr class="param"><th>Parameter #1</th></tr><tr class="param stripe"><td>Spin{description=&apos;Ax3&apos;, combinations=&apos;7,27,4,8,30&apos;, totalWin=10}</td></tr></table><p class="totop"><a href="#summary">back to summary</a></p><h3 id="m26">com.skywind.qa.test.SpinTest#testSpin</h3><table class="result"><tr class="param"><th>Parameter #1</th></tr><tr class="param stripe"><td>Spin{description=&apos;9x4&apos;, combinations=&apos;29,0,3,20,13&apos;, totalWin=12}</td></tr></table><p class="totop"><a href="#summary">back to summary</a></p><h3 id="m27">com.skywind.qa.test.SpinTest#testSpin</h3><table class="result"><tr class="param"><th>Parameter #1</th></tr><tr class="param stripe"><td>Spin{description=&apos;10x3&apos;, combinations=&apos;4,30,6,20,3&apos;, totalWin=7}</td></tr></table><p class="totop"><a href="#summary">back to summary</a></p><h3 id="m28">com.skywind.qa.test.SpinTest#testSpin</h3><table class="result"><tr class="param"><th>Parameter #1</th></tr><tr class="param stripe"><td>Spin{description=&apos;SecondTheme4x3&apos;, combinations=&apos;32,6,30,16,17&apos;, totalWin=0}</td></tr></table><p class="totop"><a href="#summary">back to summary</a></p><h3 id="m29">com.skywind.qa.test.SpinTest#testSpin</h3><table class="result"><tr class="param"><th>Parameter #1</th></tr><tr class="param stripe"><td>Spin{description=&apos;Qx3&apos;, combinations=&apos;29,23,12,32,8&apos;, totalWin=8}</td></tr></table><p class="totop"><a href="#summary">back to summary</a></p><h3 id="m30">com.skywind.qa.test.SpinTest#testSpin</h3><table class="result"><tr class="param"><th>Parameter #1</th></tr><tr class="param stripe"><td>Spin{description=&apos;SecondSctX3&apos;, combinations=&apos;13,16,11,11,23&apos;, totalWin=0}</td></tr></table><p class="totop"><a href="#summary">back to summary</a></p><h3 id="m31">com.skywind.qa.test.SpinTest#testSpin</h3><table class="result"><tr class="param"><th>Parameter #1</th></tr><tr class="param stripe"><td>Spin{description=&apos;SecondSctX5&apos;, combinations=&apos;13,16,11,15,11&apos;, totalWin=0}</td></tr></table><p class="totop"><a href="#summary">back to summary</a></p><h3 id="m32">com.skywind.qa.test.SpinTest#testSpin</h3><table class="result"><tr class="param"><th>Parameter #1</th></tr><tr class="param stripe"><td>Spin{description=&apos;Second9x5&apos;, combinations=&apos;28,32,2,19,5&apos;, totalWin=0}</td></tr></table><p class="totop"><a href="#summary">back to summary</a></p><h3 id="m33">com.skywind.qa.test.SpinTest#testSpin</h3><table class="result"><tr class="param"><th>Parameter #1</th></tr><tr class="param stripe"><td>Spin{description=&apos;Second10x5&apos;, combinations=&apos;30,29,22,29,28&apos;, totalWin=0}</td></tr></table><p class="totop"><a href="#summary">back to summary</a></p><h3 id="m34">com.skywind.qa.test.SpinTest#testSpin</h3><table class="result"><tr class="param"><th>Parameter #1</th></tr><tr class="param stripe"><td>Spin{description=&apos;Jx5&apos;, combinations=&apos;22,26,25,16,2&apos;, totalWin=60}</td></tr></table><p class="totop"><a href="#summary">back to summary</a></p><h3 id="m35">com.skywind.qa.test.SpinTest#testSpin</h3><table class="result"><tr class="param"><th>Parameter #1</th></tr><tr class="param stripe"><td>Spin{description=&apos;SecondJx4&apos;, combinations=&apos;0,32,23,1,21&apos;, totalWin=0}</td></tr></table><p class="totop"><a href="#summary">back to summary</a></p><h3 id="m36">com.skywind.qa.test.SpinTest#testSpin</h3><table class="result"><tr class="param"><th>Parameter #1</th></tr><tr class="param stripe"><td>Spin{description=&apos;SecondAx5&apos;, combinations=&apos;21,9,19,5,1&apos;, totalWin=0}</td></tr></table><p class="totop"><a href="#summary">back to summary</a></p><h3 id="m37">com.skywind.qa.test.SpinTest#testSpin</h3><table class="result"><tr class="param"><th>Parameter #1</th></tr><tr class="param stripe"><td>Spin{description=&apos;SecondSctX2&apos;, combinations=&apos;13,16,3,11,23&apos;, totalWin=0}</td></tr></table><p class="totop"><a href="#summary">back to summary</a></p><h3 id="m38">com.skywind.qa.test.SpinTest#testSpin</h3><table class="result"><tr class="param"><th>Parameter #1</th></tr><tr class="param stripe"><td>Spin{description=&apos;Second10x3&apos;, combinations=&apos;3,29,5,20,3&apos;, totalWin=0}</td></tr></table><p class="totop"><a href="#summary">back to summary</a></p><h3 id="m39">com.skywind.qa.test.SpinTest#testSpin</h3><table class="result"><tr class="param"><th>Parameter #1</th></tr><tr class="param stripe"><td>Spin{description=&apos;FGMultiplierX4&apos;, combinations=&apos;18,16,8,16,0&apos;, totalWin=36}</td></tr></table><p class="totop"><a href="#summary">back to summary</a></p><h3 id="m40">com.skywind.qa.test.SpinTest#testSpin</h3><table class="result"><tr class="param"><th>Parameter #1</th></tr><tr class="param stripe"><td>Spin{description=&apos;SecondTheme3x5&apos;, combinations=&apos;14,27,20,28,17&apos;, totalWin=0}</td></tr></table><p class="totop"><a href="#summary">back to summary</a></p><h3 id="m41">com.skywind.qa.test.SpinTest#testSpin</h3><table class="result"><tr class="param"><th>Parameter #1</th></tr><tr class="param stripe"><td>Spin{description=&apos;9x5&apos;, combinations=&apos;29,0,3,20,6&apos;, totalWin=32}</td></tr></table><p class="totop"><a href="#summary">back to summary</a></p><h3 id="m42">com.skywind.qa.test.SpinTest#testSpin</h3><table class="result"><tr class="param"><th>Parameter #1</th></tr><tr class="param stripe"><td>Spin{description=&apos;SecondFG&apos;, combinations=&apos;30,6,6,18,8&apos;, totalWin=0}</td></tr></table><p class="totop"><a href="#summary">back to summary</a></p><h3 id="m43">com.skywind.qa.test.SpinTest#testSpin</h3><table class="result"><tr class="param"><th>Parameter #1</th></tr><tr class="param stripe"><td>Spin{description=&apos;Kx5&apos;, combinations=&apos;4,6,18,22,25&apos;, totalWin=90}</td></tr></table><p class="totop"><a href="#summary">back to summary</a></p><h3 id="m44">com.skywind.qa.test.SpinTest#testSpin</h3><table class="result"><tr class="param"><th>Parameter #1</th></tr><tr class="param stripe"><td>Spin{description=&apos;SecondJx5&apos;, combinations=&apos;21,25,24,15,1&apos;, totalWin=0}</td></tr></table><p class="totop"><a href="#summary">back to summary</a></p><h3 id="m45">com.skywind.qa.test.SpinTest#testSpin</h3><table class="result"><tr class="param"><th>Parameter #1</th></tr><tr class="param stripe"><td>Spin{description=&apos;SecondSctX4&apos;, combinations=&apos;13,16,11,15,23&apos;, totalWin=0}</td></tr></table><p class="totop"><a href="#summary">back to summary</a></p><h3 id="m46">com.skywind.qa.test.SpinTest#testSpin</h3><table class="result"><tr class="param"><th>Parameter #1</th></tr><tr class="param stripe"><td>Spin{description=&apos;Theme2x3&apos;, combinations=&apos;7,4,11,19,16&apos;, totalWin=75}</td></tr></table><p class="totop"><a href="#summary">back to summary</a></p><h3 id="m47">com.skywind.qa.test.SpinTest#testSpin</h3><table class="result"><tr class="param"><th>Parameter #1</th></tr><tr class="param stripe"><td>Spin{description=&apos;Second10x4&apos;, combinations=&apos;3,29,5,15,3&apos;, totalWin=0}</td></tr></table><p class="totop"><a href="#summary">back to summary</a></p><h3 id="m48">com.skywind.qa.test.SpinTest#testSpin</h3><table class="result"><tr class="param"><th>Parameter #1</th></tr><tr class="param stripe"><td>Spin{description=&apos;ScatterX3&apos;, combinations=&apos;14,17,12,11,23&apos;, totalWin=125}</td></tr></table><p class="totop"><a href="#summary">back to summary</a></p><h3 id="m49">com.skywind.qa.test.SpinTest#testSpin</h3><table class="result"><tr class="param"><th>Parameter #1</th></tr><tr class="param stripe"><td>Spin{description=&apos;SecondAx4&apos;, combinations=&apos;6,24,31,6,27&apos;, totalWin=0}</td></tr></table><p class="totop"><a href="#summary">back to summary</a></p><h3 id="m50">com.skywind.qa.test.SpinTest#testSpin</h3><table class="result"><tr class="param"><th>Parameter #1</th></tr><tr class="param stripe"><td>Spin{description=&apos;SecondTheme2x4&apos;, combinations=&apos;6,20,12,20,9&apos;, totalWin=0}</td></tr></table><p class="totop"><a href="#summary">back to summary</a></p><h3 id="m51">com.skywind.qa.test.SpinTest#testSpin</h3><table class="result"><tr class="param"><th>Parameter #1</th></tr><tr class="param stripe"><td>Spin{description=&apos;Jx3&apos;, combinations=&apos;2,17,9,32,10&apos;, totalWin=6}</td></tr></table><p class="totop"><a href="#summary">back to summary</a></p><h3 id="m52">com.skywind.qa.test.SpinTest#testSpin</h3><table class="result"><tr class="param"><th>Parameter #1</th></tr><tr class="param stripe"><td>Spin{description=&apos;ScatterX5&apos;, combinations=&apos;14,17,12,16,12&apos;, totalWin=2500}</td></tr></table><p class="totop"><a href="#summary">back to summary</a></p><h3 id="m53">com.skywind.qa.test.SpinTest#testSpin</h3><table class="result"><tr class="param"><th>Parameter #1</th></tr><tr class="param stripe"><td>Spin{description=&apos;FGMultiplierX1&apos;, combinations=&apos;21,19,11,17,0&apos;, totalWin=8}</td></tr></table><p class="totop"><a href="#summary">back to summary</a></p><h3 id="m54">com.skywind.qa.test.SpinTest#testSpin</h3><table class="result"><tr class="param"><th>Parameter #1</th></tr><tr class="param stripe"><td>Spin{description=&apos;Second10x2&apos;, combinations=&apos;3,29,12,20,3&apos;, totalWin=0}</td></tr></table><p class="totop"><a href="#summary">back to summary</a></p><h3 id="m55">com.skywind.qa.test.SpinTest#testSpin</h3><table class="result"><tr class="param"><th>Parameter #1</th></tr><tr class="param stripe"><td>Spin{description=&apos;Qx4&apos;, combinations=&apos;27,3,0,26,2&apos;, totalWin=35}</td></tr></table><p class="totop"><a href="#summary">back to summary</a></p><h3 id="m56">com.skywind.qa.test.SpinTest#testSpin</h3><table class="result"><tr class="param"><th>Parameter #1</th></tr><tr class="param stripe"><td>Spin{description=&apos;Second9x3&apos;, combinations=&apos;28,32,2,18,13&apos;, totalWin=0}</td></tr></table><p class="totop"><a href="#summary">back to summary</a></p><h3 id="m57">com.skywind.qa.test.SpinTest#testSpin</h3><table class="result"><tr class="param"><th>Parameter #1</th></tr><tr class="param stripe"><td>Spin{description=&apos;9x2&apos;, combinations=&apos;24,10,25,7,31&apos;, totalWin=6}</td></tr></table><p class="totop"><a href="#summary">back to summary</a></p><h3 id="m58">com.skywind.qa.test.SpinTest#testSpin</h3><table class="result"><tr class="param"><th>Parameter #1</th></tr><tr class="param stripe"><td>Spin{description=&apos;SecondKx3&apos;, combinations=&apos;26,4,0,26,21&apos;, totalWin=0}</td></tr></table><p class="totop"><a href="#summary">back to summary</a></p><h3 id="m59">com.skywind.qa.test.SpinTest#testSpin</h3><table class="result"><tr class="param"><th>Parameter #1</th></tr><tr class="param stripe"><td>Spin{description=&apos;Theme2x4&apos;, combinations=&apos;7,21,13,21,9&apos;, totalWin=150}</td></tr></table><p class="totop"><a href="#summary">back to summary</a></p><h3 id="m60">com.skywind.qa.test.SpinTest#testSpin</h3><table class="result"><tr class="param"><th>Parameter #1</th></tr><tr class="param stripe"><td>Spin{description=&apos;ScatterX4&apos;, combinations=&apos;14,17,12,16,23&apos;, totalWin=500}</td></tr></table><p class="totop"><a href="#summary">back to summary</a></p><h3 id="m61">com.skywind.qa.test.SpinTest#testSpin</h3><table class="result"><tr class="param"><th>Parameter #1</th></tr><tr class="param stripe"><td>Spin{description=&apos;SecondQx5&apos;, combinations=&apos;32,1,10,18,1&apos;, totalWin=0}</td></tr></table><p class="totop"><a href="#summary">back to summary</a></p><h3 id="m62">com.skywind.qa.test.SpinTest#testSpin</h3><table class="result"><tr class="param"><th>Parameter #1</th></tr><tr class="param stripe"><td>Spin{description=&apos;ScatterX2&apos;, combinations=&apos;14,17,3,11,23&apos;, totalWin=25}</td></tr></table><p class="totop"><a href="#summary">back to summary</a></p><h3 id="m63">com.skywind.qa.test.SpinTest#testSpin</h3><table class="result"><tr class="param"><th>Parameter #1</th></tr><tr class="param stripe"><td>Spin{description=&apos;FGMultiplierX2&apos;, combinations=&apos;20,18,10,17,0&apos;, totalWin=150}</td></tr></table><p class="totop"><a href="#summary">back to summary</a></p><h3 id="m64">com.skywind.qa.test.SpinTest#testSpin</h3><table class="result"><tr class="param"><th>Parameter #1</th></tr><tr class="param stripe"><td>Spin{description=&apos;SecondTheme1x3&apos;, combinations=&apos;18,22,5,5,15&apos;, totalWin=0}</td></tr></table><p class="totop"><a href="#summary">back to summary</a></p><h3 id="m65">com.skywind.qa.test.SpinTest#testSpin</h3><table class="result"><tr class="param"><th>Parameter #1</th></tr><tr class="param stripe"><td>Spin{description=&apos;SecondKx4&apos;, combinations=&apos;10,3,32,30,21&apos;, totalWin=0}</td></tr></table><p class="totop"><a href="#summary">back to summary</a></p><h3 id="m66">com.skywind.qa.test.SpinTest#testSpin</h3><table class="result"><tr class="param"><th>Parameter #1</th></tr><tr class="param stripe"><td>Spin{description=&apos;SecondQx4&apos;, combinations=&apos;26,2,32,25,2&apos;, totalWin=0}</td></tr></table><p class="totop"><a href="#summary">back to summary</a></p><h3 id="m67">com.skywind.qa.test.SpinTest#testSpin</h3><table class="result"><tr class="param"><th>Parameter #1</th></tr><tr class="param stripe"><td>Spin{description=&apos;10x5&apos;, combinations=&apos;31,30,23,30,29&apos;, totalWin=32}</td></tr></table><p class="totop"><a href="#summary">back to summary</a></p><h3 id="m68">com.skywind.qa.test.SpinTest#testSpin</h3><table class="result"><tr class="param"><th>Parameter #1</th></tr><tr class="param stripe"><td>Spin{description=&apos;10x4&apos;, combinations=&apos;4,30,6,16,3&apos;, totalWin=12}</td></tr></table><p class="totop"><a href="#summary">back to summary</a></p><h3 id="m69">com.skywind.qa.test.SpinTest#testSpin</h3><table class="result"><tr class="param"><th>Parameter #1</th></tr><tr class="param stripe"><td>Spin{description=&apos;SecondAx3&apos;, combinations=&apos;6,26,3,8,30&apos;, totalWin=0}</td></tr></table><p class="totop"><a href="#summary">back to summary</a></p><h3 id="m70">com.skywind.qa.test.SpinTest#testSpin</h3><table class="result"><tr class="param"><th>Parameter #1</th></tr><tr class="param stripe"><td>Spin{description=&apos;SecondKx5&apos;, combinations=&apos;3,5,17,21,24&apos;, totalWin=0}</td></tr></table><p class="totop"><a href="#summary">back to summary</a></p><h3 id="m71">com.skywind.qa.test.SpinTest#testSpin</h3><table class="result"><tr class="param"><th>Parameter #1</th></tr><tr class="param stripe"><td>Spin{description=&apos;SecondJx3&apos;, combinations=&apos;1,16,8,32,10&apos;, totalWin=0}</td></tr></table><p class="totop"><a href="#summary">back to summary</a></p><h3 id="m72">com.skywind.qa.test.SpinTest#testSpin</h3><table class="result"><tr class="param"><th>Parameter #1</th></tr><tr class="param stripe"><td>Spin{description=&apos;FGWin&apos;, combinations=&apos;31,6,7,18,9&apos;, totalWin=0}</td></tr></table><p class="totop"><a href="#summary">back to summary</a></p><h3 id="m73">com.skywind.qa.test.SpinTest#testSpin</h3><table class="result"><tr class="param"><th>Parameter #1</th></tr><tr class="param stripe"><td>Spin{description=&apos;SecondTheme4x4&apos;, combinations=&apos;31,4,13,22,9&apos;, totalWin=0}</td></tr></table><p class="totop"><a href="#summary">back to summary</a></p><h3 id="m74">com.skywind.qa.test.SpinTest#testSpin</h3><table class="result"><tr class="param"><th>Parameter #1</th></tr><tr class="param stripe"><td>Spin{description=&apos;SecondQ3&apos;, combinations=&apos;28,22,11,32,8&apos;, totalWin=0}</td></tr></table><p class="totop"><a href="#summary">back to summary</a></p><h3 id="m75">com.skywind.qa.test.SpinTest#testSpin</h3><table class="result"><tr class="param"><th>Parameter #1</th></tr><tr class="param stripe"><td>Spin{description=&apos;SecondTheme2x5&apos;, combinations=&apos;4,2,10,7,20&apos;, totalWin=0}</td></tr></table><p class="totop"><a href="#summary">back to summary</a></p><h3 id="m76">com.skywind.qa.test.SpinTest#testSpin</h3><table class="result"><tr class="param"><th>Parameter #1</th></tr><tr class="param stripe"><td>Spin{description=&apos;Kx3&apos;, combinations=&apos;27,5,1,26,21&apos;, totalWin=10}</td></tr></table><p class="totop"><a href="#summary">back to summary</a></p><h3 id="m77">com.skywind.qa.test.SpinTest#testSpin</h3><table class="result"><tr class="param"><th>Parameter #1</th></tr><tr class="param stripe"><td>Spin{description=&apos;Second9x4&apos;, combinations=&apos;28,32,2,19,13&apos;, totalWin=0}</td></tr></table><p class="totop"><a href="#summary">back to summary</a></p><h3 id="m78">com.skywind.qa.test.SpinTest#testSpin</h3><table class="result"><tr class="param"><th>Parameter #1</th></tr><tr class="param stripe"><td>Spin{description=&apos;FGMultiplierX3&apos;, combinations=&apos;19,17,9,17,0&apos;, totalWin=75}</td></tr></table><p class="totop"><a href="#summary">back to summary</a></p></body></html>